\BOOKMARK [0][-]{chapter.1}{\376\377\000I\000n\000t\000r\000o\000d\000u\000c\000c\000i\000\363\000n}{}% 1
\BOOKMARK [1][-]{section.1.1}{\376\377\000R\000e\000g\000l\000a\000s\000\040\000d\000e\000\040\000l\000o\000s\000\040\000l\000e\000n\000g\000u\000a\000j\000e\000s}{chapter.1}% 2
\BOOKMARK [1][-]{section.1.2}{\376\377\000G\000r\000a\000m\000\341\000t\000i\000c\000a\000s\000\040\000y\000\040\000s\000e\000m\000\341\000n\000t\000i\000c\000a\000\040\000d\000e\000\040\000e\000x\000p\000r\000e\000s\000i\000o\000n\000e\000s}{chapter.1}% 3
\BOOKMARK [1][-]{section.1.3}{\376\377\000C\000l\000a\000s\000i\000f\000i\000c\000a\000c\000i\000\363\000n\000\040\000d\000e\000\040\000l\000o\000s\000\040\000l\000e\000n\000g\000u\000a\000j\000e\000s\000\040\000d\000e\000\040\000p\000r\000o\000g\000r\000a\000m\000a\000c\000i\000\363\000n}{chapter.1}% 4
\BOOKMARK [1][-]{section.1.4}{\376\377\000E\000j\000e\000r\000c\000i\000c\000i\000o\000s\000\040\000p\000a\000r\000a\000\040\000e\000l\000\040\000l\000e\000c\000t\000o\000r}{chapter.1}% 5
\BOOKMARK [0][-]{chapter.2}{\376\377\000H\000e\000r\000r\000a\000m\000i\000e\000n\000t\000a\000s\000\040\000m\000a\000t\000e\000m\000\341\000t\000i\000c\000a\000s}{}% 6
\BOOKMARK [1][-]{section.2.1}{\376\377\000J\000u\000i\000c\000i\000o\000s\000\040\000l\000\363\000g\000i\000c\000o\000s}{chapter.2}% 7
\BOOKMARK [1][-]{section.2.2}{\376\377\000R\000e\000g\000l\000a\000s\000\040\000d\000e\000\040\000i\000n\000f\000e\000r\000e\000n\000c\000i\000a}{chapter.2}% 8
\BOOKMARK [1][-]{section.2.3}{\376\377\000E\000s\000t\000r\000u\000c\000t\000u\000r\000a\000s\000\040\000r\000e\000c\000u\000r\000s\000i\000v\000a\000s\000\040\000e\000\040\000i\000n\000d\000u\000c\000c\000i\000\363\000n\000\040\000e\000s\000t\000r\000u\000c\000t\000u\000r\000a\000l}{chapter.2}% 9
\BOOKMARK [1][-]{section.2.4}{\376\377\000S\000i\000s\000t\000e\000m\000a\000s\000\040\000d\000e\000\040\000t\000r\000a\000n\000s\000i\000c\000i\000\363\000n}{chapter.2}% 10
\BOOKMARK [1][-]{section.2.5}{\376\377\000E\000j\000e\000r\000c\000i\000c\000i\000o\000s\000\040\000p\000a\000r\000a\000\040\000e\000l\000\040\000l\000e\000c\000t\000o\000r}{chapter.2}% 11
\BOOKMARK [0][-]{chapter.3}{\376\377\000S\000i\000n\000t\000a\000x\000i\000s}{}% 12
\BOOKMARK [1][-]{section.3.1}{\376\377\000S\000i\000n\000t\000a\000x\000i\000s\000\040\000c\000o\000n\000c\000r\000e\000t\000a}{chapter.3}% 13
\BOOKMARK [1][-]{section.3.2}{\376\377\000S\000i\000n\000t\000a\000x\000i\000s\000\040\000a\000b\000s\000t\000r\000a\000c\000t\000a}{chapter.3}% 14
\BOOKMARK [2][-]{subsection.3.2.1}{\376\377\000A\000n\000a\000l\000i\000z\000a\000d\000o\000r\000\040\000s\000i\000n\000t\000\341\000c\000t\000i\000c\000o}{section.3.2}% 15
\BOOKMARK [1][-]{section.3.3}{\376\377\000E\000l\000\040\000o\000p\000e\000r\000a\000d\000o\000r\000\040\000l\000e\000t}{chapter.3}% 16
\BOOKMARK [2][-]{subsection.3.3.1}{\376\377\000C\000l\000a\000s\000i\000f\000i\000c\000a\000c\000i\000\363\000n\000\040\000d\000e\000\040\000v\000a\000r\000i\000a\000b\000l\000e\000s\000\040\000e\000n\000\040\000e\000l\000\040\000o\000p\000e\000r\000a\000d\000o\000r\000\040\000l\000e\000t}{section.3.3}% 17
\BOOKMARK [1][-]{section.3.4}{\376\377\000S\000u\000s\000t\000i\000t\000u\000c\000i\000\363\000n\000\040\000y\000\040\000-\000e\000q\000u\000i\000v\000a\000l\000e\000n\000c\000i\000a\000s}{chapter.3}% 18
\BOOKMARK [1][-]{section.3.5}{\376\377\000E\000j\000e\000r\000c\000i\000c\000i\000o\000s\000\040\000p\000a\000r\000a\000\040\000e\000l\000\040\000l\000e\000c\000t\000o\000r}{chapter.3}% 19
\BOOKMARK [0][-]{chapter.4}{\376\377\000S\000e\000m\000\341\000n\000t\000i\000c\000a}{}% 20
\BOOKMARK [1][-]{section.4.1}{\376\377\000S\000e\000m\000\341\000n\000t\000i\000c\000a\000\040\000e\000s\000t\000\341\000t\000i\000c\000a}{chapter.4}% 21
\BOOKMARK [1][-]{section.4.2}{\376\377\000S\000e\000m\000\341\000n\000t\000i\000c\000a\000\040\000d\000i\000n\000\341\000m\000i\000c\000a}{chapter.4}% 22
\BOOKMARK [2][-]{subsection.4.2.1}{\376\377\000S\000e\000m\000\341\000n\000t\000i\000c\000a\000\040\000o\000p\000e\000r\000a\000c\000i\000o\000n\000a\000l}{section.4.2}% 23
\BOOKMARK [2][-]{subsection.4.2.2}{\376\377\000S\000e\000m\000\341\000n\000t\000i\000c\000a\000\040\000d\000e\000\040\000p\000a\000s\000o\000\040\000p\000e\000q\000u\000e\000\361\000o}{section.4.2}% 24
\BOOKMARK [2][-]{subsection.4.2.3}{\376\377\000S\000e\000m\000\341\000n\000t\000i\000c\000a\000\040\000d\000e\000\040\000p\000a\000s\000o\000\040\000g\000r\000a\000n\000d\000e}{section.4.2}% 25
\BOOKMARK [1][-]{section.4.3}{\376\377\000L\000a\000\040\000f\000u\000n\000c\000i\000\363\000n\000\040\000e\000v\000a\000l}{chapter.4}% 26
\BOOKMARK [1][-]{section.4.4}{\376\377\000E\000j\000e\000r\000c\000i\000c\000i\000o\000s\000\040\000p\000a\000r\000a\000\040\000e\000l\000\040\000l\000e\000c\000t\000o\000r}{chapter.4}% 27
\BOOKMARK [0][-]{chapter.5}{\376\377\000C\000\341\000l\000c\000u\000l\000o\000\040\000L\000a\000m\000b\000d\000a}{}% 28
\BOOKMARK [1][-]{section.5.1}{\376\377\000S\000i\000n\000t\000a\000x\000i\000s\000\040\000d\000e\000l\000\040\000C\000\341\000l\000c\000u\000l\000o\000\040\000L\000a\000m\000b\000d\000a}{chapter.5}% 29
\BOOKMARK [1][-]{section.5.2}{\376\377\000-\000e\000q\000u\000i\000v\000a\000l\000e\000n\000c\000i\000a\000\040\000e\000n\000\040\000e\000l\000\040\000C\000\341\000l\000c\000u\000l\000o\000\040\000L\000a\000m\000b\000d\000a}{chapter.5}% 30
\BOOKMARK [1][-]{section.5.3}{\376\377\000S\000e\000m\000\341\000n\000t\000i\000c\000a\000\040\000o\000p\000e\000r\000a\000c\000i\000o\000n\000a\000l\000\040\000d\000e\000l\000\040\000C\000\341\000l\000c\000u\000l\000o\000\040\000L\000a\000m\000b\000d\000a}{chapter.5}% 31
\BOOKMARK [1][-]{section.5.4}{\376\377\000D\000e\000f\000i\000n\000i\000b\000i\000l\000i\000d\000a\000d\000\040\000L\000a\000m\000b\000d\000a}{chapter.5}% 32
\BOOKMARK [2][-]{subsection.5.4.1}{\376\377\000B\000o\000o\000l\000e\000a\000n\000o\000s\000\040\000y\000\040\000o\000p\000e\000r\000a\000d\000o\000r\000e\000s\000\040\000l\000\363\000g\000i\000c\000o\000s}{section.5.4}% 33
\BOOKMARK [1][-]{section.5.5}{\376\377\000A\000r\000i\000t\000m\000\351\000t\000i\000c\000a\000\040\000d\000e\000l\000\040\000C\000\341\000l\000c\000u\000l\000o\000\040\000L\000a\000m\000b\000d\000a}{chapter.5}% 34
\BOOKMARK [2][-]{subsection.5.5.1}{\376\377\000N\000u\000m\000e\000r\000a\000l\000e\000s\000\040\000d\000e\000\040\000C\000h\000u\000r\000c\000h}{section.5.5}% 35
\BOOKMARK [2][-]{subsection.5.5.2}{\376\377\000F\000u\000n\000c\000i\000o\000n\000e\000s\000\040\000a\000r\000i\000t\000m\000\351\000t\000i\000c\000a\000s}{section.5.5}% 36
\BOOKMARK [1][-]{section.5.6}{\376\377\000D\000a\000t\000o\000s\000\040\000e\000s\000t\000r\000u\000c\000t\000u\000r\000a\000d\000o\000s\000\040\000e\000n\000\040\000e\000l\000\040\000C\000\341\000l\000c\000u\000l\000o\000\040\000L\000a\000m\000b\000d\000a}{chapter.5}% 37
\BOOKMARK [2][-]{subsection.5.6.1}{\376\377\000T\000u\000p\000l\000a\000s}{section.5.6}% 38
\BOOKMARK [2][-]{subsection.5.6.2}{\376\377\000L\000i\000s\000t\000a\000s}{section.5.6}% 39
\BOOKMARK [1][-]{section.5.7}{\376\377\000P\000r\000o\000p\000i\000e\000d\000a\000d\000e\000s\000\040\000s\000e\000m\000\341\000n\000t\000i\000c\000a\000s\000\040\000d\000e\000l\000\040\000C\000\341\000l\000c\000u\000l\000o\000\040\000L\000a\000m\000b\000d\000a}{chapter.5}% 40
\BOOKMARK [2][-]{subsection.5.7.1}{\376\377\000N\000o\000\040\000t\000e\000r\000m\000i\000n\000a\000c\000i\000\363\000n}{section.5.7}% 41
\BOOKMARK [2][-]{subsection.5.7.2}{\376\377\000N\000o\000\040\000d\000e\000t\000e\000r\000m\000i\000n\000i\000s\000m\000o}{section.5.7}% 42
\BOOKMARK [2][-]{subsection.5.7.3}{\376\377\000C\000o\000n\000f\000l\000u\000e\000n\000c\000i\000a}{section.5.7}% 43
\BOOKMARK [1][-]{section.5.8}{\376\377\000C\000o\000m\000b\000i\000n\000a\000d\000o\000r\000e\000s\000\040\000d\000e\000\040\000p\000u\000n\000t\000o\000\040\000f\000i\000j\000o}{chapter.5}% 44
\BOOKMARK [1][-]{section.5.9}{\376\377\000E\000j\000e\000r\000c\000i\000c\000i\000o\000s\000\040\000p\000a\000r\000a\000\040\000e\000l\000\040\000l\000e\000c\000t\000o\000r}{chapter.5}% 45
\BOOKMARK [0][-]{chapter.6}{\376\377\000M\000i\000n\000H\000S}{}% 46
\BOOKMARK [1][-]{section.6.1}{\376\377\000S\000i\000n\000t\000a\000x\000i\000s\000\040\000d\000e\000\040\000M\000i\000n\000H\000S}{chapter.6}% 47
\BOOKMARK [2][-]{subsection.6.1.1}{\376\377\000S\000i\000n\000t\000a\000x\000i\000s\000\040\000c\000o\000n\000c\000r\000e\000t\000a}{section.6.1}% 48
\BOOKMARK [2][-]{subsection.6.1.2}{\376\377\000S\000i\000n\000t\000a\000x\000i\000s\000\040\000a\000b\000s\000t\000r\000a\000c\000t\000a}{section.6.1}% 49
\BOOKMARK [1][-]{section.6.2}{\376\377\000S\000e\000m\000\341\000n\000t\000i\000c\000a\000\040\000d\000e\000\040\000M\000i\000n\000H\000s}{chapter.6}% 50
\BOOKMARK [2][-]{subsection.6.2.1}{\376\377\000S\000i\000s\000t\000e\000m\000a\000s\000\040\000d\000e\000\040\000t\000i\000p\000o\000s}{section.6.2}% 51
\BOOKMARK [2][-]{subsection.6.2.2}{\376\377\000S\000e\000m\000\341\000n\000t\000i\000c\000a\000\040\000e\000s\000t\000\341\000t\000i\000c\000a}{section.6.2}% 52
\BOOKMARK [2][-]{subsection.6.2.3}{\376\377\000S\000e\000m\000\341\000n\000t\000i\000c\000a\000\040\000d\000i\000n\000\341\000m\000i\000c\000a}{section.6.2}% 53
\BOOKMARK [1][-]{section.6.3}{\376\377\000P\000r\000o\000p\000i\000e\000d\000a\000d\000e\000s\000\040\000d\000e\000\040\000M\000i\000n\000H\000S}{chapter.6}% 54
\BOOKMARK [2][-]{subsection.6.3.1}{\376\377\000S\000e\000g\000u\000r\000i\000d\000a\000d\000\040\000d\000e\000l\000\040\000l\000e\000n\000g\000u\000a\000j\000e}{section.6.3}% 55
\BOOKMARK [2][-]{subsection.6.3.2}{\376\377\000N\000o\000\040\000t\000e\000r\000m\000i\000n\000a\000c\000i\000\363\000n}{section.6.3}% 56
\BOOKMARK [1][-]{section.6.4}{\376\377\000E\000j\000e\000r\000c\000i\000c\000i\000o\000s\000\040\000p\000a\000r\000a\000\040\000e\000l\000\040\000l\000e\000c\000t\000o\000r}{chapter.6}% 57
\BOOKMARK [0][-]{chapter.7}{\376\377\000I\000n\000f\000e\000r\000e\000n\000c\000i\000a\000\040\000d\000e\000\040\000t\000i\000p\000o\000s}{}% 58
\BOOKMARK [1][-]{section.7.1}{\376\377\000E\000s\000t\000a\000n\000d\000a\000r\000i\000z\000a\000c\000i\000\363\000n\000\040\000d\000e\000\040\000v\000a\000r\000i\000a\000b\000l\000e\000s}{chapter.7}% 59
\BOOKMARK [1][-]{section.7.2}{\376\377\000G\000e\000n\000e\000r\000a\000c\000i\000\363\000n\000\040\000d\000e\000\040\000r\000e\000s\000t\000r\000i\000c\000c\000i\000o\000n\000e\000s}{chapter.7}% 60
\BOOKMARK [1][-]{section.7.3}{\376\377\000A\000l\000g\000o\000r\000i\000t\000m\000o\000\040\000d\000e\000\040\000u\000n\000i\000f\000i\000c\000a\000c\000i\000\363\000n}{chapter.7}% 61
\BOOKMARK [1][-]{section.7.4}{\376\377\000A\000l\000g\000o\000r\000i\000t\000m\000o\000\040\000d\000e\000\040\000i\000n\000f\000e\000r\000e\000n\000c\000i\000a\000\040\000d\000e\000\040\000t\000i\000p\000o\000s}{chapter.7}% 62
\BOOKMARK [1][-]{section.7.5}{\376\377\000E\000j\000e\000r\000c\000i\000c\000i\000o\000s\000\040\000p\000a\000r\000a\000\040\000e\000l\000\040\000l\000e\000c\000t\000o\000r}{chapter.7}% 63
\BOOKMARK [0][-]{chapter.8}{\376\377\000M\000\341\000q\000u\000i\000n\000a\000s\000\040\000a\000b\000s\000t\000r\000a\000c\000t\000a\000s}{}% 64
\BOOKMARK [1][-]{section.8.1}{\376\377\000L\000a\000\040\000m\000\341\000q\000u\000i\000n\000a\000\040\000H}{chapter.8}% 65
\BOOKMARK [2][-]{subsection.8.1.1}{\376\377\000M\000a\000r\000c\000o\000s\000\040\000y\000\040\000l\000a\000\040\000p\000i\000l\000a\000\040\000d\000e\000\040\000c\000o\000n\000t\000r\000o\000l}{section.8.1}% 66
\BOOKMARK [2][-]{subsection.8.1.2}{\376\377\000E\000s\000t\000a\000d\000o\000s}{section.8.1}% 67
\BOOKMARK [2][-]{subsection.8.1.3}{\376\377\000T\000r\000a\000n\000s\000i\000c\000i\000o\000n\000e\000s}{section.8.1}% 68
\BOOKMARK [1][-]{section.8.2}{\376\377\000L\000a\000\040\000m\000\341\000q\000u\000i\000n\000a\000\040\000J}{chapter.8}% 69
\BOOKMARK [2][-]{subsection.8.2.1}{\376\377\000M\000a\000r\000c\000o\000s}{section.8.2}% 70
\BOOKMARK [2][-]{subsection.8.2.2}{\376\377\000A\000m\000b\000i\000e\000n\000t\000e\000s}{section.8.2}% 71
\BOOKMARK [2][-]{subsection.8.2.3}{\376\377\000E\000s\000t\000a\000d\000o\000s}{section.8.2}% 72
\BOOKMARK [2][-]{subsection.8.2.4}{\376\377\000T\000r\000a\000n\000s\000i\000c\000i\000o\000n\000e\000s}{section.8.2}% 73
\BOOKMARK [2][-]{subsection.8.2.5}{\376\377\000A\000l\000c\000a\000n\000c\000e}{section.8.2}% 74
\BOOKMARK [2][-]{subsection.8.2.6}{\376\377\000C\000e\000r\000r\000a\000d\000u\000r\000a\000s}{section.8.2}% 75
\BOOKMARK [2][-]{subsection.8.2.7}{\376\377\000T\000r\000a\000n\000s\000i\000c\000i\000o\000n\000e\000s\000\040\000c\000o\000n\000\040\000c\000e\000r\000r\000a\000d\000u\000r\000a\000\040\000p\000a\000r\000a\000\040\000J}{section.8.2}% 76
\BOOKMARK [1][-]{section.8.3}{\376\377\000E\000j\000e\000r\000c\000i\000c\000i\000o\000s\000\040\000p\000a\000r\000a\000\040\000e\000l\000\040\000l\000e\000c\000t\000o\000r}{chapter.8}% 77
\BOOKMARK [0][-]{chapter.9}{\376\377\000T\000i\000n\000y\000C}{}% 78
\BOOKMARK [1][-]{section.9.1}{\376\377\000S\000i\000n\000t\000a\000x\000i\000s}{chapter.9}% 79
\BOOKMARK [1][-]{section.9.2}{\376\377\000L\000a\000\040\000M\000\341\000q\000u\000i\000n\000a\000\040\000C}{chapter.9}% 80
\BOOKMARK [2][-]{subsection.9.2.1}{\376\377\000M\000a\000r\000c\000o\000s}{section.9.2}% 81
\BOOKMARK [2][-]{subsection.9.2.2}{\376\377\000E\000s\000t\000a\000d\000o\000s}{section.9.2}% 82
\BOOKMARK [2][-]{subsection.9.2.3}{\376\377\000A\000m\000b\000i\000e\000n\000t\000e\000s}{section.9.2}% 83
\BOOKMARK [2][-]{subsection.9.2.4}{\376\377\000T\000r\000a\000n\000s\000i\000c\000i\000o\000n\000e\000s}{section.9.2}% 84
\BOOKMARK [1][-]{section.9.3}{\376\377\000E\000j\000e\000r\000c\000i\000c\000i\000o\000s\000\040\000p\000a\000r\000a\000\040\000e\000l\000\040\000l\000e\000c\000t\000o\000r}{chapter.9}% 85
\BOOKMARK [0][-]{chapter.10}{\376\377\000H\000e\000r\000e\000n\000c\000i\000a\000\040\000y\000\040\000s\000u\000b\000t\000i\000p\000o\000s}{}% 86
\BOOKMARK [1][-]{section.10.1}{\376\377\000O\000r\000i\000e\000n\000t\000a\000c\000i\000\363\000n\000\040\000a\000\040\000o\000b\000j\000e\000t\000o\000s}{chapter.10}% 87
\BOOKMARK [1][-]{section.10.2}{\376\377\000S\000u\000b\000t\000i\000p\000o\000s}{chapter.10}% 88
\BOOKMARK [2][-]{subsection.10.2.1}{\376\377\000S\000u\000b\000t\000i\000p\000i\000f\000i\000c\000a\000d\000o\000\040\000d\000e\000\040\000t\000i\000p\000o\000s\000\040\000p\000r\000i\000m\000i\000t\000i\000v\000o\000s}{section.10.2}% 89
\BOOKMARK [2][-]{subsection.10.2.2}{\376\377\000S\000u\000b\000t\000i\000p\000i\000f\000i\000c\000a\000d\000o\000\040\000d\000e\000\040\000f\000u\000n\000c\000i\000o\000n\000e\000s}{section.10.2}% 90
\BOOKMARK [2][-]{subsection.10.2.3}{\376\377\000S\000u\000b\000t\000i\000p\000i\000f\000i\000c\000a\000d\000o\000\040\000p\000a\000r\000a\000\040\000s\000u\000m\000a\000\040\000y\000\040\000p\000r\000o\000d\000u\000c\000t\000o}{section.10.2}% 91
\BOOKMARK [2][-]{subsection.10.2.4}{\376\377\000S\000u\000b\000t\000i\000p\000i\000f\000i\000c\000a\000d\000o\000\040\000p\000a\000r\000a\000\040\000r\000e\000g\000i\000s\000t\000r\000o\000s}{section.10.2}% 92
\BOOKMARK [2][-]{subsection.10.2.5}{\376\377\000E\000l\000e\000m\000e\000n\000t\000o\000s\000\040\000m\000\341\000x\000i\000m\000o\000s}{section.10.2}% 93
\BOOKMARK [1][-]{section.10.3}{\376\377\000C\000o\000n\000v\000e\000r\000s\000i\000\363\000n\000\040\000d\000e\000\040\000t\000i\000p\000o\000s}{chapter.10}% 94
\BOOKMARK [2][-]{subsection.10.3.1}{\376\377\000C\000o\000n\000v\000e\000r\000s\000i\000\363\000n\000\040\000a\000s\000c\000e\000n\000d\000e\000n\000t\000e\000\040\000\050\000U\000p\000c\000a\000s\000t\000i\000n\000g\000\051}{section.10.3}% 95
\BOOKMARK [2][-]{subsection.10.3.2}{\376\377\000C\000o\000n\000v\000e\000r\000s\000i\000\363\000n\000\040\000d\000e\000s\000c\000e\000n\000d\000e\000n\000t\000e\000\040\000\050\000D\000o\000w\000n\000c\000a\000s\000t\000i\000n\000g\000\051}{section.10.3}% 96
\BOOKMARK [1][-]{section.10.4}{\376\377\000E\000j\000e\000r\000c\000i\000c\000i\000o\000s\000\040\000p\000a\000r\000a\000\040\000e\000l\000\040\000l\000e\000c\000t\000o\000r}{chapter.10}% 97
\BOOKMARK [0][-]{chapter.11}{\376\377\000J\000a\000v\000a\000\040\000P\000e\000s\000o\000\040\000P\000l\000u\000m\000a}{}% 98
\BOOKMARK [1][-]{section.11.1}{\376\377\000S\000i\000n\000t\000a\000x\000i\000s\000\040\000d\000e\000\040\000J\000a\000v\000a\000\040\000P\000e\000s\000o\000\040\000P\000l\000u\000m\000a}{chapter.11}% 99
\BOOKMARK [1][-]{section.11.2}{\376\377\000T\000a\000b\000l\000a\000s\000\040\000d\000e\000\040\000c\000l\000a\000s\000e}{chapter.11}% 100
\BOOKMARK [1][-]{section.11.3}{\376\377\000S\000e\000m\000\341\000n\000t\000i\000c\000a\000\040\000d\000i\000n\000\341\000m\000i\000c\000a}{chapter.11}% 101
\BOOKMARK [1][-]{section.11.4}{\376\377\000S\000e\000m\000\341\000n\000t\000i\000c\000a\000\040\000e\000s\000t\000\341\000t\000i\000c\000a}{chapter.11}% 102
\BOOKMARK [1][-]{section.11.5}{\376\377\000P\000r\000o\000p\000i\000e\000d\000a\000d\000e\000s\000\040\000d\000e\000\040\000J\000a\000v\000a\000\040\000P\000e\000s\000o\000\040\000P\000l\000u\000m\000a}{chapter.11}% 103
\BOOKMARK [2][-]{subsection.11.5.1}{\376\377\000P\000r\000e\000s\000e\000r\000v\000a\000c\000i\000\363\000n\000\040\000d\000e\000\040\000t\000i\000p\000o\000s}{section.11.5}% 104
\BOOKMARK [2][-]{subsection.11.5.2}{\376\377\000P\000r\000o\000g\000r\000e\000s\000o}{section.11.5}% 105
\BOOKMARK [2][-]{subsection.11.5.3}{\376\377\000S\000e\000g\000u\000r\000i\000d\000a\000d}{section.11.5}% 106
\BOOKMARK [1][-]{section.11.6}{\376\377\000C\000\363\000m\000o\000\040\000s\000e\000\040\000r\000e\000l\000a\000c\000i\000o\000n\000a\000\040\000J\000a\000v\000a\000\040\000P\000e\000s\000o\000\040\000P\000l\000u\000m\000a\000\040\000c\000o\000n\000\040\000J\000a\000v\000a\000?}{chapter.11}% 107
\BOOKMARK [1][-]{section.11.7}{\376\377\000E\000j\000e\000r\000c\000i\000c\000i\000o\000s\000\040\000p\000a\000r\000a\000\040\000e\000l\000\040\000l\000e\000c\000t\000o\000r}{chapter.11}% 108
